0 info it worked if it ends with ok
1 verbose cli [ 'C:\\Program Files\\nodejs\\\\node.exe',
1 verbose cli   'C:\\Program Files\\nodejs\\node_modules\\npm\\bin\\npm-cli.js',
1 verbose cli   'run',
1 verbose cli   'compile' ]
2 info using npm@2.7.4
3 info using node@v0.12.2
4 verbose node symlink C:\Program Files\nodejs\\node.exe
5 verbose run-script [ 'precompile', 'compile', 'postcompile' ]
6 info precompile es6-features@1.0.0
7 info compile es6-features@1.0.0
8 verbose unsafe-perm in lifecycle true
9 info es6-features@1.0.0 Failed to exec compile script
10 verbose stack Error: es6-features@1.0.0 compile: `babel src -d dist`
10 verbose stack Exit status 1
10 verbose stack     at EventEmitter.<anonymous> (C:\Users\Magesh\AppData\Roaming\nvm\v0.12.2\node_modules\npm\lib\utils\lifecycle.js:213:16)
10 verbose stack     at EventEmitter.emit (events.js:110:17)
10 verbose stack     at ChildProcess.<anonymous> (C:\Users\Magesh\AppData\Roaming\nvm\v0.12.2\node_modules\npm\lib\utils\spawn.js:14:12)
10 verbose stack     at ChildProcess.emit (events.js:110:17)
10 verbose stack     at maybeClose (child_process.js:1015:16)
10 verbose stack     at Process.ChildProcess._handle.onexit (child_process.js:1087:5)
11 verbose pkgid es6-features@1.0.0
12 verbose cwd D:\Training\Xoriant-ES6-TypeScript-May-2016\Day-01\es6-features
13 error Windows_NT 6.3.9600
14 error argv "C:\\Program Files\\nodejs\\\\node.exe" "C:\\Program Files\\nodejs\\node_modules\\npm\\bin\\npm-cli.js" "run" "compile"
15 error node v0.12.2
16 error npm  v2.7.4
17 error code ELIFECYCLE
18 error es6-features@1.0.0 compile: `babel src -d dist`
18 error Exit status 1
19 error Failed at the es6-features@1.0.0 compile script 'babel src -d dist'.
19 error This is most likely a problem with the es6-features package,
19 error not with npm itself.
19 error Tell the author that this fails on your system:
19 error     babel src -d dist
19 error You can get their info via:
19 error     npm owner ls es6-features
19 error There is likely additional logging output above.
20 verbose exit [ 1, true ]
